<?xml version='1.0' encoding='UTF-8'?>
<testsuite hostname="halfdan-VivoBook-ASUSLaptop-X421IAY-R438IA" name="GameLogicTester" tests="1" errors="0" failures="0" skipped="0" time="11.943" timestamp="2026-06-09T16:17:14">
          <properties>
[...]
</properties>
          <testcase classname="GameLogicTester" name=" should pass" time="11.943">
                      
                    </testcase>
          <system-out><![CDATA[]]></system-out>
          <system-err><![CDATA[]]></system-err>
        </testsuite>